<?xml version="1.0" encoding="UTF-8"?>
<!-- Generated by org.testng.reporters.JUnitReportReporter -->
<testsuite skipped="0" hostname="LAPTOP-GTJVIS4L" name="com.actitime.pom.CreateNewTask" tests="1" failures="0" timestamp="2020-09-10T09:14:45 IST" time="22.350" errors="0">
  <testcase name="testcreatecustomer" time="22.350" classname="com.actitime.pom.CreateNewTask"/>
  <system-out/>
</testsuite> <!-- com.actitime.pom.CreateNewTask -->
